<?xml version="1.0" encoding="UTF-8"?>
<!-- Generated by org.testng.reporters.JUnitReportReporter -->
<testsuite hostname="LTIN203482" failures="0" tests="1" name="testSuite.SmokeTest" time="19.567" errors="0" timestamp="03 Jan 2022 12:23:07 GMT" skipped="0">
  <testcase classname="testSuite.SmokeTest" name="smokeTesting" time="19.567"/>
</testsuite> <!-- testSuite.SmokeTest -->
